<?xml version="1.0" encoding="UTF-8"?>
<testng-results skipped="0" failed="1" total="1" passed="0">
  <reporter-output>
  </reporter-output>
  <suite name="Default suite" duration-ms="2008" started-at="2018-05-02T00:35:34Z" finished-at="2018-05-02T00:35:36Z">
    <groups>
    </groups>
    <test name="Default test" duration-ms="2008" started-at="2018-05-02T00:35:34Z" finished-at="2018-05-02T00:35:36Z">
      <class name="testcases.TC001_LoginToOKTA_Grid">
        <test-method status="PASS" signature="beforeSuite()[pri:0, instance:testcases.TC001_LoginToOKTA_Grid@1494225]" name="beforeSuite" is-config="true" duration-ms="1164" started-at="2018-05-02T06:05:33Z" finished-at="2018-05-02T06:05:34Z">
          <reporter-output>
          </reporter-output>
        </test-method> <!-- beforeSuite -->
        <test-method status="PASS" signature="beforeTest()[pri:0, instance:testcases.TC001_LoginToOKTA_Grid@1494225]" name="beforeTest" is-config="true" duration-ms="0" started-at="2018-05-02T06:05:34Z" finished-at="2018-05-02T06:05:34Z">
          <reporter-output>
          </reporter-output>
        </test-method> <!-- beforeTest -->
        <test-method status="PASS" signature="setData()[pri:0, instance:testcases.TC001_LoginToOKTA_Grid@1494225]" name="setData" is-config="true" duration-ms="0" started-at="2018-05-02T06:05:34Z" finished-at="2018-05-02T06:05:34Z">
          <reporter-output>
          </reporter-output>
        </test-method> <!-- setData -->
        <test-method status="FAIL" signature="Login(java.lang.String, java.lang.String, java.lang.String, java.lang.String)[pri:0, instance:testcases.TC001_LoginToOKTA_Grid@1494225]" name="Login" duration-ms="1988" started-at="2018-05-02T06:05:34Z" data-provider="fetchData" finished-at="2018-05-02T06:05:36Z">
          <exception class="org.testng.TestNGException">
            <message>
              <![CDATA[
The data provider is trying to pass 3 parameters but the method testcases.TC001_LoginToOKTA_Grid#Login takes 4 and TestNG is unable in inject a suitable object]]>
            </message>
            <full-stacktrace>
              <![CDATA[org.testng.TestNGException: 
The data provider is trying to pass 3 parameters but the method testcases.TC001_LoginToOKTA_Grid#Login takes 4 and TestNG is unable in inject a suitable object
	at org.testng.internal.Invoker.injectParameters(Invoker.java:1253)
	at org.testng.internal.Invoker.invokeTestMethods(Invoker.java:1122)
	at org.testng.internal.TestMethodWorker.invokeTestMethods(TestMethodWorker.java:129)
	at org.testng.internal.TestMethodWorker.run(TestMethodWorker.java:112)
	at org.testng.TestRunner.privateRun(TestRunner.java:782)
	at org.testng.TestRunner.run(TestRunner.java:632)
	at org.testng.SuiteRunner.runTest(SuiteRunner.java:366)
	at org.testng.SuiteRunner.runSequentially(SuiteRunner.java:361)
	at org.testng.SuiteRunner.privateRun(SuiteRunner.java:319)
	at org.testng.SuiteRunner.run(SuiteRunner.java:268)
	at org.testng.SuiteRunnerWorker.runSuite(SuiteRunnerWorker.java:52)
	at org.testng.SuiteRunnerWorker.run(SuiteRunnerWorker.java:86)
	at org.testng.TestNG.runSuitesSequentially(TestNG.java:1244)
	at org.testng.TestNG.runSuitesLocally(TestNG.java:1169)
	at org.testng.TestNG.run(TestNG.java:1064)
	at org.testng.remote.AbstractRemoteTestNG.run(AbstractRemoteTestNG.java:114)
	at org.testng.remote.RemoteTestNG.initAndRun(RemoteTestNG.java:251)
	at org.testng.remote.RemoteTestNG.main(RemoteTestNG.java:77)
Caused by: java.lang.ArrayIndexOutOfBoundsException: 3
	at org.testng.internal.Invoker.injectParameters(Invoker.java:1249)
	... 17 more
]]>
            </full-stacktrace>
          </exception> <!-- org.testng.TestNGException -->
          <reporter-output>
          </reporter-output>
        </test-method> <!-- Login -->
        <test-method status="PASS" signature="afterTest()[pri:0, instance:testcases.TC001_LoginToOKTA_Grid@1494225]" name="afterTest" is-config="true" duration-ms="0" started-at="2018-05-02T06:05:36Z" finished-at="2018-05-02T06:05:36Z">
          <reporter-output>
          </reporter-output>
        </test-method> <!-- afterTest -->
        <test-method status="PASS" signature="afterSuite()[pri:0, instance:testcases.TC001_LoginToOKTA_Grid@1494225]" name="afterSuite" is-config="true" duration-ms="824" started-at="2018-05-02T06:05:36Z" finished-at="2018-05-02T06:05:37Z">
          <reporter-output>
          </reporter-output>
        </test-method> <!-- afterSuite -->
      </class> <!-- testcases.TC001_LoginToOKTA_Grid -->
    </test> <!-- Default test -->
  </suite> <!-- Default suite -->
</testng-results>
